2024-08-29 22:48:02,140 - __main__ - INFO - Starting the blockchain system...
2024-08-29 22:48:02,141 - __main__ - INFO - Configuration loaded. Local Host: 127.0.0.1, Local Host Port: 8888, Web Port: 5900
2024-08-29 22:48:02,487 - __main__ - INFO - Web app process started.
2024-08-29 22:48:02,488 - Blockchain.Backend.core.network.syncManager - DEBUG - Constructor: syncManager initialized with host: 127.0.0.1, port: 8888, isNewBlockAvailable: False
2024-08-29 22:48:02,491 - __main__ - INFO - Sync server process started.
2024-08-29 22:48:02,492 - __main__ - INFO - Starting sync process...
2024-08-29 22:48:02,492 - __main__ - DEBUG - Retrieved port list from NodeDB: [8888, 5555, 3333, 1111]
2024-08-29 22:48:02,492 - __main__ - INFO - Syncing with node at port 5555
2024-08-29 22:48:02,493 - Blockchain.Backend.core.network.syncManager - DEBUG - Constructor: syncManager initialized with host: 127.0.0.1, port: 5555, isNewBlockAvailable: True
2024-08-29 22:48:02,493 - Blockchain.Backend.core.network.syncManager - INFO - Starting download from node at port 5555...
2024-08-29 22:48:02,494 - Blockchain.Backend.core.network.syncManager - INFO - Last block found with header: 0000460a34278efe864cf7cbbd8dafbbb09b962f3fb04cb7a26e1c48590dd3ae
2024-08-29 22:48:02,494 - Blockchain.Backend.core.network.syncManager - DEBUG - Requesting headers starting from block: 0000460a34278efe864cf7cbbd8dafbbb09b962f3fb04cb7a26e1c48590dd3ae
2024-08-29 22:48:02,494 - Blockchain.Backend.core.network.syncManager - ERROR - Exception occurred in startDownload: [Errno 111] Connection refused
Traceback (most recent call last):
  File "/home/oxana/Dropbox/study/MedSchool/AU/COMP498/blockchain-udemy-adv/Blockchain/Backend/core/network/syncManager.py", line 170, in startDownload
    self.connectToHost(localport, port, bindPort)
  File "/home/oxana/Dropbox/study/MedSchool/AU/COMP498/blockchain-udemy-adv/Blockchain/Backend/core/network/syncManager.py", line 143, in connectToHost
    self.socket = self.connect.connect(localport, bindPort)
  File "/home/oxana/Dropbox/study/MedSchool/AU/COMP498/blockchain-udemy-adv/Blockchain/Backend/core/network/connection.py", line 27, in connect
    self.socket.connect((self.host, self.port))
ConnectionRefusedError: [Errno 111] Connection refused
2024-08-29 22:48:02,495 - __main__ - INFO - Sync with node at port 5555 completed successfully
2024-08-29 22:48:02,851 - werkzeug - INFO -  * Running on http://127.0.0.1:5900/ (Press CTRL+C to quit)
2024-08-29 22:48:03,222 - Blockchain.Backend.core.network.syncManager - INFO - SERVER STARTED
2024-08-29 22:48:03,222 - Blockchain.Backend.core.network.syncManager - INFO - [LISTENING] at 127.0.0.1:8888
2024-08-29 22:48:03,222 - Blockchain.Backend.core.network.syncManager - DEBUG - Waiting to accept a connection...
2024-08-29 22:48:15,004 - Blockchain.Backend.core.network.syncManager - INFO - Connection accepted from ('127.0.0.1', 5554)
2024-08-29 22:48:15,005 - Blockchain.Backend.core.network.connection - DEBUG - connection.py - read(self) will parse NetworkEnvelope
2024-08-29 22:48:15,005 - Blockchain.Backend.core.network.syncManager - DEBUG - Waiting to accept a connection...
2024-08-29 22:48:15,005 - Blockchain.Backend.core.network.network - INFO - Starting to parse the network envelope...
2024-08-29 22:48:15,006 - Blockchain.Backend.core.network.network - DEBUG - Magic number read: f9beb4d9
2024-08-29 22:48:15,007 - Blockchain.Backend.core.network.network - DEBUG - Command read: b'requestBlock'
2024-08-29 22:48:15,007 - Blockchain.Backend.core.network.network - DEBUG - Payload length: 64
2024-08-29 22:48:15,007 - Blockchain.Backend.core.network.network - DEBUG - Checksum read: 586e9668
2024-08-29 22:48:15,007 - Blockchain.Backend.core.network.network - DEBUG - Payload read: 000037278fb82dd560695c7cd029760bae25f082126573dbebf7bb5ef45093220000000000000000000000000000000000000000000000000000000000000000
2024-08-29 22:48:15,007 - Blockchain.Backend.core.network.network - DEBUG - Calculated checksum: 586e9668
2024-08-29 22:48:15,007 - Blockchain.Backend.core.network.network - INFO - Parsing completed successfully.
2024-08-29 22:48:15,007 - Blockchain.Backend.core.network.network - INFO - NetworkEnvelope constructor: Command is b'requestBlock'
2024-08-29 22:48:15,008 - Blockchain.Backend.core.network.syncManager - DEBUG - Trying to sendBlockToRequestor
2024-08-29 22:48:15,008 - Blockchain.Backend.core.network.syncManager - DEBUG - Trying to fetchBlocksFromBlockchain()
2024-08-29 22:48:15,009 - Blockchain.Backend.core.network.syncManager - INFO - fetched 80 blocks
2024-08-29 22:48:15,009 - Blockchain.Backend.core.network.syncManager - DEBUG - trying to send sendBlock()
2024-08-29 22:48:15,010 - Blockchain.Backend.core.network.network - INFO - NetworkEnvelope constructor: Command is b'block'
2024-08-29 22:48:15,010 - Blockchain.Backend.core.network.syncManager - INFO - Block Sent 1
2024-08-29 22:48:15,010 - Blockchain.Backend.core.network.network - INFO - NetworkEnvelope constructor: Command is b'block'
2024-08-29 22:48:15,010 - Blockchain.Backend.core.network.syncManager - INFO - Block Sent 2
2024-08-29 22:48:15,011 - Blockchain.Backend.core.network.network - INFO - NetworkEnvelope constructor: Command is b'block'
2024-08-29 22:48:15,011 - Blockchain.Backend.core.network.syncManager - INFO - Block Sent 3
2024-08-29 22:48:15,011 - Blockchain.Backend.core.network.network - INFO - NetworkEnvelope constructor: Command is b'block'
2024-08-29 22:48:15,011 - Blockchain.Backend.core.network.syncManager - INFO - Block Sent 4
2024-08-29 22:48:15,011 - Blockchain.Backend.core.network.network - INFO - NetworkEnvelope constructor: Command is b'block'
2024-08-29 22:48:15,011 - Blockchain.Backend.core.network.syncManager - INFO - Block Sent 5
2024-08-29 22:48:15,012 - Blockchain.Backend.core.network.network - INFO - NetworkEnvelope constructor: Command is b'block'
2024-08-29 22:48:15,012 - Blockchain.Backend.core.network.syncManager - INFO - Block Sent 6
2024-08-29 22:48:15,012 - Blockchain.Backend.core.network.network - INFO - NetworkEnvelope constructor: Command is b'block'
2024-08-29 22:48:15,012 - Blockchain.Backend.core.network.syncManager - INFO - Block Sent 7
2024-08-29 22:48:15,012 - Blockchain.Backend.core.network.network - INFO - NetworkEnvelope constructor: Command is b'block'
2024-08-29 22:48:15,012 - Blockchain.Backend.core.network.syncManager - INFO - Block Sent 8
2024-08-29 22:48:15,012 - Blockchain.Backend.core.network.network - INFO - NetworkEnvelope constructor: Command is b'block'
2024-08-29 22:48:15,013 - Blockchain.Backend.core.network.syncManager - INFO - Block Sent 9
2024-08-29 22:48:15,013 - Blockchain.Backend.core.network.network - INFO - NetworkEnvelope constructor: Command is b'block'
2024-08-29 22:48:15,013 - Blockchain.Backend.core.network.syncManager - INFO - Block Sent 10
2024-08-29 22:48:15,013 - Blockchain.Backend.core.network.network - INFO - NetworkEnvelope constructor: Command is b'block'
2024-08-29 22:48:15,013 - Blockchain.Backend.core.network.syncManager - INFO - Block Sent 11
2024-08-29 22:48:15,013 - Blockchain.Backend.core.network.network - INFO - NetworkEnvelope constructor: Command is b'block'
2024-08-29 22:48:15,014 - Blockchain.Backend.core.network.syncManager - INFO - Block Sent 12
2024-08-29 22:48:15,014 - Blockchain.Backend.core.network.network - INFO - NetworkEnvelope constructor: Command is b'block'
2024-08-29 22:48:15,014 - Blockchain.Backend.core.network.syncManager - INFO - Block Sent 13
2024-08-29 22:48:15,014 - Blockchain.Backend.core.network.network - INFO - NetworkEnvelope constructor: Command is b'block'
2024-08-29 22:48:15,014 - Blockchain.Backend.core.network.syncManager - INFO - Block Sent 14
2024-08-29 22:48:15,015 - Blockchain.Backend.core.network.network - INFO - NetworkEnvelope constructor: Command is b'block'
2024-08-29 22:48:15,015 - Blockchain.Backend.core.network.syncManager - INFO - Block Sent 15
2024-08-29 22:48:15,015 - Blockchain.Backend.core.network.network - INFO - NetworkEnvelope constructor: Command is b'block'
2024-08-29 22:48:15,015 - Blockchain.Backend.core.network.syncManager - INFO - Block Sent 16
2024-08-29 22:48:15,015 - Blockchain.Backend.core.network.network - INFO - NetworkEnvelope constructor: Command is b'block'
2024-08-29 22:48:15,015 - Blockchain.Backend.core.network.syncManager - INFO - Block Sent 17
2024-08-29 22:48:15,016 - Blockchain.Backend.core.network.network - INFO - NetworkEnvelope constructor: Command is b'block'
2024-08-29 22:48:15,016 - Blockchain.Backend.core.network.syncManager - INFO - Block Sent 18
2024-08-29 22:48:15,016 - Blockchain.Backend.core.network.network - INFO - NetworkEnvelope constructor: Command is b'block'
2024-08-29 22:48:15,016 - Blockchain.Backend.core.network.syncManager - INFO - Block Sent 19
2024-08-29 22:48:15,016 - Blockchain.Backend.core.network.network - INFO - NetworkEnvelope constructor: Command is b'block'
2024-08-29 22:48:15,016 - Blockchain.Backend.core.network.syncManager - INFO - Block Sent 20
2024-08-29 22:48:15,017 - Blockchain.Backend.core.network.network - INFO - NetworkEnvelope constructor: Command is b'block'
2024-08-29 22:48:15,017 - Blockchain.Backend.core.network.syncManager - INFO - Block Sent 21
2024-08-29 22:48:15,017 - Blockchain.Backend.core.network.network - INFO - NetworkEnvelope constructor: Command is b'block'
2024-08-29 22:48:15,017 - Blockchain.Backend.core.network.syncManager - INFO - Block Sent 22
2024-08-29 22:48:15,017 - Blockchain.Backend.core.network.network - INFO - NetworkEnvelope constructor: Command is b'block'
2024-08-29 22:48:15,017 - Blockchain.Backend.core.network.syncManager - INFO - Block Sent 23
2024-08-29 22:48:15,018 - Blockchain.Backend.core.network.network - INFO - NetworkEnvelope constructor: Command is b'block'
2024-08-29 22:48:15,018 - Blockchain.Backend.core.network.syncManager - INFO - Block Sent 24
2024-08-29 22:48:15,018 - Blockchain.Backend.core.network.network - INFO - NetworkEnvelope constructor: Command is b'block'
2024-08-29 22:48:15,018 - Blockchain.Backend.core.network.syncManager - INFO - Block Sent 25
2024-08-29 22:48:15,018 - Blockchain.Backend.core.network.network - INFO - NetworkEnvelope constructor: Command is b'block'
2024-08-29 22:48:15,018 - Blockchain.Backend.core.network.syncManager - INFO - Block Sent 26
2024-08-29 22:48:15,018 - Blockchain.Backend.core.network.network - INFO - NetworkEnvelope constructor: Command is b'block'
2024-08-29 22:48:15,019 - Blockchain.Backend.core.network.syncManager - INFO - Block Sent 27
2024-08-29 22:48:15,019 - Blockchain.Backend.core.network.network - INFO - NetworkEnvelope constructor: Command is b'block'
2024-08-29 22:48:15,019 - Blockchain.Backend.core.network.syncManager - INFO - Block Sent 28
2024-08-29 22:48:15,019 - Blockchain.Backend.core.network.network - INFO - NetworkEnvelope constructor: Command is b'block'
2024-08-29 22:48:15,019 - Blockchain.Backend.core.network.syncManager - INFO - Block Sent 29
2024-08-29 22:48:15,019 - Blockchain.Backend.core.network.network - INFO - NetworkEnvelope constructor: Command is b'block'
2024-08-29 22:48:15,019 - Blockchain.Backend.core.network.syncManager - INFO - Block Sent 30
2024-08-29 22:48:15,020 - Blockchain.Backend.core.network.network - INFO - NetworkEnvelope constructor: Command is b'block'
2024-08-29 22:48:15,020 - Blockchain.Backend.core.network.syncManager - INFO - Block Sent 31
2024-08-29 22:48:15,020 - Blockchain.Backend.core.network.network - INFO - NetworkEnvelope constructor: Command is b'block'
2024-08-29 22:48:15,020 - Blockchain.Backend.core.network.syncManager - INFO - Block Sent 32
2024-08-29 22:48:15,020 - Blockchain.Backend.core.network.network - INFO - NetworkEnvelope constructor: Command is b'block'
2024-08-29 22:48:15,020 - Blockchain.Backend.core.network.syncManager - INFO - Block Sent 33
2024-08-29 22:48:15,020 - Blockchain.Backend.core.network.network - INFO - NetworkEnvelope constructor: Command is b'block'
2024-08-29 22:48:15,021 - Blockchain.Backend.core.network.syncManager - INFO - Block Sent 34
2024-08-29 22:48:15,021 - Blockchain.Backend.core.network.network - INFO - NetworkEnvelope constructor: Command is b'block'
2024-08-29 22:48:15,021 - Blockchain.Backend.core.network.syncManager - INFO - Block Sent 35
2024-08-29 22:48:15,021 - Blockchain.Backend.core.network.network - INFO - NetworkEnvelope constructor: Command is b'block'
2024-08-29 22:48:15,021 - Blockchain.Backend.core.network.syncManager - INFO - Block Sent 36
2024-08-29 22:48:15,021 - Blockchain.Backend.core.network.network - INFO - NetworkEnvelope constructor: Command is b'block'
2024-08-29 22:48:15,021 - Blockchain.Backend.core.network.syncManager - INFO - Block Sent 37
2024-08-29 22:48:15,022 - Blockchain.Backend.core.network.network - INFO - NetworkEnvelope constructor: Command is b'block'
2024-08-29 22:48:15,022 - Blockchain.Backend.core.network.syncManager - INFO - Block Sent 38
2024-08-29 22:48:15,022 - Blockchain.Backend.core.network.network - INFO - NetworkEnvelope constructor: Command is b'block'
2024-08-29 22:48:15,022 - Blockchain.Backend.core.network.syncManager - INFO - Block Sent 39
2024-08-29 22:48:15,022 - Blockchain.Backend.core.network.network - INFO - NetworkEnvelope constructor: Command is b'block'
2024-08-29 22:48:15,022 - Blockchain.Backend.core.network.syncManager - INFO - Block Sent 40
2024-08-29 22:48:15,023 - Blockchain.Backend.core.network.network - INFO - NetworkEnvelope constructor: Command is b'block'
2024-08-29 22:48:15,023 - Blockchain.Backend.core.network.syncManager - INFO - Block Sent 41
2024-08-29 22:48:15,023 - Blockchain.Backend.core.network.network - INFO - NetworkEnvelope constructor: Command is b'block'
2024-08-29 22:48:15,023 - Blockchain.Backend.core.network.syncManager - INFO - Block Sent 42
2024-08-29 22:48:15,023 - Blockchain.Backend.core.network.network - INFO - NetworkEnvelope constructor: Command is b'block'
2024-08-29 22:48:15,023 - Blockchain.Backend.core.network.syncManager - INFO - Block Sent 43
2024-08-29 22:48:15,023 - Blockchain.Backend.core.network.network - INFO - NetworkEnvelope constructor: Command is b'block'
2024-08-29 22:48:15,023 - Blockchain.Backend.core.network.syncManager - INFO - Block Sent 44
2024-08-29 22:48:15,024 - Blockchain.Backend.core.network.network - INFO - NetworkEnvelope constructor: Command is b'block'
2024-08-29 22:48:15,024 - Blockchain.Backend.core.network.syncManager - INFO - Block Sent 45
2024-08-29 22:48:15,024 - Blockchain.Backend.core.network.network - INFO - NetworkEnvelope constructor: Command is b'block'
2024-08-29 22:48:15,024 - Blockchain.Backend.core.network.syncManager - INFO - Block Sent 46
2024-08-29 22:48:15,024 - Blockchain.Backend.core.network.network - INFO - NetworkEnvelope constructor: Command is b'block'
2024-08-29 22:48:15,024 - Blockchain.Backend.core.network.syncManager - INFO - Block Sent 47
2024-08-29 22:48:15,025 - Blockchain.Backend.core.network.network - INFO - NetworkEnvelope constructor: Command is b'block'
2024-08-29 22:48:15,025 - Blockchain.Backend.core.network.syncManager - INFO - Block Sent 48
2024-08-29 22:48:15,025 - Blockchain.Backend.core.network.network - INFO - NetworkEnvelope constructor: Command is b'block'
2024-08-29 22:48:15,025 - Blockchain.Backend.core.network.syncManager - INFO - Block Sent 49
2024-08-29 22:48:15,025 - Blockchain.Backend.core.network.network - INFO - NetworkEnvelope constructor: Command is b'block'
2024-08-29 22:48:15,025 - Blockchain.Backend.core.network.syncManager - INFO - Block Sent 50
2024-08-29 22:48:15,026 - Blockchain.Backend.core.network.network - INFO - NetworkEnvelope constructor: Command is b'block'
2024-08-29 22:48:15,026 - Blockchain.Backend.core.network.syncManager - INFO - Block Sent 51
2024-08-29 22:48:15,026 - Blockchain.Backend.core.network.network - INFO - NetworkEnvelope constructor: Command is b'block'
2024-08-29 22:48:15,026 - Blockchain.Backend.core.network.syncManager - INFO - Block Sent 52
2024-08-29 22:48:15,026 - Blockchain.Backend.core.network.network - INFO - NetworkEnvelope constructor: Command is b'block'
2024-08-29 22:48:15,026 - Blockchain.Backend.core.network.syncManager - INFO - Block Sent 53
2024-08-29 22:48:15,026 - Blockchain.Backend.core.network.network - INFO - NetworkEnvelope constructor: Command is b'block'
2024-08-29 22:48:15,027 - Blockchain.Backend.core.network.syncManager - INFO - Block Sent 54
2024-08-29 22:48:15,027 - Blockchain.Backend.core.network.network - INFO - NetworkEnvelope constructor: Command is b'block'
2024-08-29 22:48:15,027 - Blockchain.Backend.core.network.syncManager - INFO - Block Sent 55
2024-08-29 22:48:15,027 - Blockchain.Backend.core.network.network - INFO - NetworkEnvelope constructor: Command is b'block'
2024-08-29 22:48:15,027 - Blockchain.Backend.core.network.syncManager - INFO - Block Sent 56
2024-08-29 22:48:15,027 - Blockchain.Backend.core.network.network - INFO - NetworkEnvelope constructor: Command is b'block'
2024-08-29 22:48:15,028 - Blockchain.Backend.core.network.syncManager - INFO - Block Sent 57
2024-08-29 22:48:15,028 - Blockchain.Backend.core.network.network - INFO - NetworkEnvelope constructor: Command is b'block'
2024-08-29 22:48:15,028 - Blockchain.Backend.core.network.syncManager - INFO - Block Sent 58
2024-08-29 22:48:15,028 - Blockchain.Backend.core.network.network - INFO - NetworkEnvelope constructor: Command is b'block'
2024-08-29 22:48:15,028 - Blockchain.Backend.core.network.syncManager - INFO - Block Sent 59
2024-08-29 22:48:15,028 - Blockchain.Backend.core.network.network - INFO - NetworkEnvelope constructor: Command is b'block'
2024-08-29 22:48:15,029 - Blockchain.Backend.core.network.syncManager - INFO - Block Sent 60
2024-08-29 22:48:15,029 - Blockchain.Backend.core.network.network - INFO - NetworkEnvelope constructor: Command is b'block'
2024-08-29 22:48:15,029 - Blockchain.Backend.core.network.syncManager - INFO - Block Sent 61
2024-08-29 22:48:15,029 - Blockchain.Backend.core.network.network - INFO - NetworkEnvelope constructor: Command is b'block'
2024-08-29 22:48:15,029 - Blockchain.Backend.core.network.syncManager - INFO - Block Sent 62
2024-08-29 22:48:15,029 - Blockchain.Backend.core.network.network - INFO - NetworkEnvelope constructor: Command is b'block'
2024-08-29 22:48:15,030 - Blockchain.Backend.core.network.syncManager - INFO - Block Sent 63
2024-08-29 22:48:15,030 - Blockchain.Backend.core.network.network - INFO - NetworkEnvelope constructor: Command is b'block'
2024-08-29 22:48:15,030 - Blockchain.Backend.core.network.syncManager - INFO - Block Sent 64
2024-08-29 22:48:15,030 - Blockchain.Backend.core.network.network - INFO - NetworkEnvelope constructor: Command is b'block'
2024-08-29 22:48:15,030 - Blockchain.Backend.core.network.syncManager - INFO - Block Sent 65
2024-08-29 22:48:15,030 - Blockchain.Backend.core.network.network - INFO - NetworkEnvelope constructor: Command is b'block'
2024-08-29 22:48:15,031 - Blockchain.Backend.core.network.syncManager - INFO - Block Sent 66
2024-08-29 22:48:15,031 - Blockchain.Backend.core.network.network - INFO - NetworkEnvelope constructor: Command is b'block'
2024-08-29 22:48:15,031 - Blockchain.Backend.core.network.syncManager - INFO - Block Sent 67
2024-08-29 22:48:15,031 - Blockchain.Backend.core.network.network - INFO - NetworkEnvelope constructor: Command is b'block'
2024-08-29 22:48:15,031 - Blockchain.Backend.core.network.syncManager - INFO - Block Sent 68
2024-08-29 22:48:15,032 - Blockchain.Backend.core.network.network - INFO - NetworkEnvelope constructor: Command is b'block'
2024-08-29 22:48:15,032 - Blockchain.Backend.core.network.syncManager - INFO - Block Sent 69
2024-08-29 22:48:15,032 - Blockchain.Backend.core.network.network - INFO - NetworkEnvelope constructor: Command is b'block'
2024-08-29 22:48:15,032 - Blockchain.Backend.core.network.syncManager - INFO - Block Sent 70
2024-08-29 22:48:15,032 - Blockchain.Backend.core.network.network - INFO - NetworkEnvelope constructor: Command is b'block'
2024-08-29 22:48:15,032 - Blockchain.Backend.core.network.syncManager - INFO - Block Sent 71
2024-08-29 22:48:15,033 - Blockchain.Backend.core.network.network - INFO - NetworkEnvelope constructor: Command is b'block'
2024-08-29 22:48:15,033 - Blockchain.Backend.core.network.syncManager - INFO - Block Sent 72
2024-08-29 22:48:15,033 - Blockchain.Backend.core.network.network - INFO - NetworkEnvelope constructor: Command is b'block'
2024-08-29 22:48:15,033 - Blockchain.Backend.core.network.syncManager - INFO - Block Sent 73
2024-08-29 22:48:15,033 - Blockchain.Backend.core.network.network - INFO - NetworkEnvelope constructor: Command is b'block'
2024-08-29 22:48:15,033 - Blockchain.Backend.core.network.syncManager - INFO - Block Sent 74
2024-08-29 22:48:15,034 - Blockchain.Backend.core.network.network - INFO - NetworkEnvelope constructor: Command is b'block'
2024-08-29 22:48:15,034 - Blockchain.Backend.core.network.syncManager - INFO - Block Sent 75
2024-08-29 22:48:15,034 - Blockchain.Backend.core.network.network - INFO - NetworkEnvelope constructor: Command is b'block'
2024-08-29 22:48:15,034 - Blockchain.Backend.core.network.syncManager - INFO - Block Sent 76
2024-08-29 22:48:15,034 - Blockchain.Backend.core.network.network - INFO - NetworkEnvelope constructor: Command is b'block'
2024-08-29 22:48:15,034 - Blockchain.Backend.core.network.syncManager - INFO - Block Sent 77
2024-08-29 22:48:15,034 - Blockchain.Backend.core.network.network - INFO - NetworkEnvelope constructor: Command is b'block'
2024-08-29 22:48:15,035 - Blockchain.Backend.core.network.syncManager - INFO - Block Sent 78
2024-08-29 22:48:15,035 - Blockchain.Backend.core.network.network - INFO - NetworkEnvelope constructor: Command is b'block'
2024-08-29 22:48:15,035 - Blockchain.Backend.core.network.syncManager - INFO - Block Sent 79
2024-08-29 22:48:15,035 - Blockchain.Backend.core.network.network - INFO - NetworkEnvelope constructor: Command is b'block'
2024-08-29 22:48:15,035 - Blockchain.Backend.core.network.syncManager - INFO - Block Sent 80
2024-08-29 22:48:15,036 - Blockchain.Backend.core.network.network - INFO - NetworkEnvelope constructor: Command is b'portlist'
2024-08-29 22:48:15,036 - Blockchain.Backend.core.network.syncManager - DEBUG - trying to sendFinishedMessage()
2024-08-29 22:48:15,036 - Blockchain.Backend.core.network.network - INFO - NetworkEnvelope constructor: Command is b'Finished'
2024-08-29 22:48:15,036 - Blockchain.Backend.core.network.syncManager - INFO - All blocks sent.
2024-08-29 22:48:15,037 - Blockchain.Backend.core.network.syncManager - INFO - Start Block is b'\x00\x007\'\x8f\xb8-\xd5`i\\|\xd0)v\x0b\xae%\xf0\x82\x12es\xdb\xeb\xf7\xbb^\xf4P\x93"' 
 End Block is b'\x00\x00\x00\x00\x00\x00\x00\x00\x00\x00\x00\x00\x00\x00\x00\x00\x00\x00\x00\x00\x00\x00\x00\x00\x00\x00\x00\x00\x00\x00\x00\x00'
2024-08-29 22:48:35,966 - __main__ - INFO - Starting sync process...
2024-08-29 22:48:35,966 - __main__ - DEBUG - Retrieved port list from NodeDB: [8888, 5555, 3333, 1111]
2024-08-29 22:48:35,966 - __main__ - INFO - Syncing with node at port 5555
2024-08-29 22:48:35,967 - Blockchain.Backend.core.network.syncManager - DEBUG - Constructor: syncManager initialized with host: 127.0.0.1, port: 5555, isNewBlockAvailable: True
2024-08-29 22:48:35,967 - Blockchain.Backend.core.network.network - INFO - NetworkEnvelope constructor: Command is b'block'
2024-08-29 22:48:49,382 - Blockchain.Backend.core.network.syncManager - INFO - Connection accepted from ('127.0.0.1', 49154)
2024-08-29 22:48:49,383 - Blockchain.Backend.core.network.connection - DEBUG - connection.py - read(self) will parse NetworkEnvelope
2024-08-29 22:48:49,383 - Blockchain.Backend.core.network.syncManager - DEBUG - Waiting to accept a connection...
2024-08-29 22:48:49,383 - Blockchain.Backend.core.network.network - INFO - Starting to parse the network envelope...
2024-08-29 22:48:49,383 - Blockchain.Backend.core.network.network - DEBUG - Magic number read: f9beb4d9
2024-08-29 22:48:49,383 - Blockchain.Backend.core.network.network - DEBUG - Command read: b'block'
2024-08-29 22:48:49,383 - Blockchain.Backend.core.network.network - DEBUG - Payload length: 176
2024-08-29 22:48:49,383 - Blockchain.Backend.core.network.network - DEBUG - Checksum read: 9e0c0ee7
2024-08-29 22:48:49,383 - Blockchain.Backend.core.network.network - DEBUG - Payload read: 51000000a700000001000000aed30d59481c6ea2b74cb03f2f969bb0bbaf8dbdcbf74c86fe8e27340a46000041064b78e374488d6d0516d625d8b58ba96ab97a4efbe8b67019cb0541c83e3b0f4fd166ffff001f0a2c00000101000000010000000000000000000000000000000000000000000000000000000000000000ffffffff020151ffffffff0100f2052a010000001976a914299e1ac7458604efd0c989203c751c87de1b509688ac00000000
2024-08-29 22:48:49,384 - Blockchain.Backend.core.network.network - DEBUG - Calculated checksum: 9e0c0ee7
2024-08-29 22:48:49,384 - Blockchain.Backend.core.network.network - INFO - Parsing completed successfully.
2024-08-29 22:48:49,384 - Blockchain.Backend.core.network.network - INFO - NetworkEnvelope constructor: Command is b'block'
2024-08-29 22:48:49,386 - Blockchain.Backend.core.network.syncManager - INFO - New Block Received : 81
